CRITICAL - 2025-05-27 04:38:05 --> CodeIgniter\View\Exceptions\ViewException: Invalid file: "admin/reviews/index.php"
[Method: GET, Route: admin/reviews]
in SYSTEMPATH\Exceptions\FrameworkException.php on line 39.
 1 SYSTEMPATH\View\View.php(212): CodeIgniter\Exceptions\FrameworkException::forInvalidFile('admin/reviews/index.php')
 2 SYSTEMPATH\Common.php(1173): CodeIgniter\View\View->render('admin/reviews/index', [], true)
 3 APPPATH\Controllers\AdminController.php(970): view('admin/reviews/index', [...])
 4 SYSTEMPATH\CodeIgniter.php(933): App\Controllers\AdminController->reviews()
 5 SYSTEMPATH\CodeIgniter.php(507): CodeIgniter\CodeIgniter->runController(Object(App\Controllers\AdminController))
 6 SYSTEMPATH\CodeIgniter.php(354): CodeIgniter\CodeIgniter->handleRequest(null, Object(Config\Cache), false)
 7 SYSTEMPATH\Boot.php(334): CodeIgniter\CodeIgniter->run()
 8 SYSTEMPATH\Boot.php(67): CodeIgniter\Boot::runCodeIgniter(Object(CodeIgniter\CodeIgniter))
 9 FCPATH\index.php(59): CodeIgniter\Boot::bootWeb(Object(Config\Paths))
CRITICAL - 2025-05-27 04:38:51 --> CodeIgniter\View\Exceptions\ViewException: Invalid file: "admin/reviews/index.php"
[Method: GET, Route: admin/reviews]
in SYSTEMPATH\Exceptions\FrameworkException.php on line 39.
 1 SYSTEMPATH\View\View.php(212): CodeIgniter\Exceptions\FrameworkException::forInvalidFile('admin/reviews/index.php')
 2 SYSTEMPATH\Common.php(1173): CodeIgniter\View\View->render('admin/reviews/index', [], true)
 3 APPPATH\Controllers\AdminController.php(970): view('admin/reviews/index', [...])
 4 SYSTEMPATH\CodeIgniter.php(933): App\Controllers\AdminController->reviews()
 5 SYSTEMPATH\CodeIgniter.php(507): CodeIgniter\CodeIgniter->runController(Object(App\Controllers\AdminController))
 6 SYSTEMPATH\CodeIgniter.php(354): CodeIgniter\CodeIgniter->handleRequest(null, Object(Config\Cache), false)
 7 SYSTEMPATH\Boot.php(334): CodeIgniter\CodeIgniter->run()
 8 SYSTEMPATH\Boot.php(67): CodeIgniter\Boot::runCodeIgniter(Object(CodeIgniter\CodeIgniter))
 9 FCPATH\index.php(59): CodeIgniter\Boot::bootWeb(Object(Config\Paths))
